TestPlugin/bin/outputs/logs/manifest-merger-debug-report.txt
-- Merging decision tree log ---
manifest
ADDED from project/TestPlugin/AndroidManifest.xml:2:1-47:12
	xmlns:android
		ADDED from project/TestPlugin/AndroidManifest.xml:2:11-69
	package
		ADDED from project/TestPlugin/AndroidManifest.xml:3:5-37
	android:versionName
		ADDED from project/TestPlugin/AndroidManifest.xml:5:11-36
	android:versionCode
		ADDED from project/TestPlugin/AndroidManifest.xml:4:11-34
		INJECTED from project/TestPlugin/AndroidManifest.xml
		INJECTED from project/TestPlugin/AndroidManifest.xml
uses-sdk
ADDED from project/TestPlugin/AndroidManifest.xml:6:5-42
MERGED from [com.android.support:support-v4:21.0.2] AndroidManifest.xml:15:5-42
MERGED from [com.android.support:gridlayout-v7:21.0.2] AndroidManifest.xml:15:5-42
MERGED from [com.android.support:support-v4:21.0.2] AndroidManifest.xml:15:5-42
MERGED from [com.android.support:cardview-v7:21.0.2] AndroidManifest.xml:15:5-42
MERGED from [com.android.support:appcompat-v7:18.0.0] AndroidManifest.xml:18:5-42
MERGED from [com.android.support:support-v4:21.0.2] AndroidManifest.xml:15:5-42
MERGED from [DroidPlugin.Libraries:DroidPlugin:unspecified] AndroidManifest.xml:30:5-43
	android:minSdkVersion
		ADDED from project/TestPlugin/AndroidManifest.xml:6:15-40
application
ADDED from project/TestPlugin/AndroidManifest.xml:7:5-46:19
MERGED from [com.android.support:support-v4:21.0.2] AndroidManifest.xml:16:5-19
MERGED from [com.android.support:gridlayout-v7:21.0.2] AndroidManifest.xml:16:5-19
MERGED from [com.android.support:support-v4:21.0.2] AndroidManifest.xml:16:5-19
MERGED from [com.android.support:cardview-v7:21.0.2] AndroidManifest.xml:16:5-19
MERGED from [com.android.support:appcompat-v7:18.0.0] AndroidManifest.xml:19:5-20
MERGED from [com.android.support:support-v4:21.0.2] AndroidManifest.xml:16:5-19
MERGED from [DroidPlugin.Libraries:DroidPlugin:unspecified] AndroidManifest.xml:246:5-1588:19
	android:label
		ADDED from project/TestPlugin/AndroidManifest.xml:7:74-106
	android:icon
		ADDED from project/TestPlugin/AndroidManifest.xml:8:18-54
	android:theme
		ADDED from project/TestPlugin/AndroidManifest.xml:8:55-86
	android:name
		ADDED from project/TestPlugin/AndroidManifest.xml:7:18-73
uses-permission#com.android.launcher.permission.INSTALL_SHORTCUT
ADDED from project/TestPlugin/AndroidManifest.xml:9:7-90
	android:name
		ADDED from project/TestPlugin/AndroidManifest.xml:9:24-87
activity#com.example.TestPlugin.MenuPrincipal
ADDED from project/TestPlugin/AndroidManifest.xml:10:9-20:20
	android:screenOrientation
		ADDED from project/TestPlugin/AndroidManifest.xml:13:17-53
	android:label
		ADDED from project/TestPlugin/AndroidManifest.xml:12:17-49
	android:configChanges
		ADDED from project/TestPlugin/AndroidManifest.xml:14:17-52
	android:name
		ADDED from project/TestPlugin/AndroidManifest.xml:11:17-46
intent-filter#android.intent.action.MAIN+android.intent.category.LAUNCHER
ADDED from project/TestPlugin/AndroidManifest.xml:16:13-19:29
action#android.intent.action.MAIN
ADDED from project/TestPlugin/AndroidManifest.xml:17:17-68
	android:name
		ADDED from project/TestPlugin/AndroidManifest.xml:17:25-66
category#android.intent.category.LAUNCHER
ADDED from project/TestPlugin/AndroidManifest.xml:18:17-76
	android:name
		ADDED from project/TestPlugin/AndroidManifest.xml:18:27-74
activity#com.example.TestPlugin.MyActivity
ADDED from project/TestPlugin/AndroidManifest.xml:21:7-31:18
	android:screenOrientation
		ADDED from project/TestPlugin/AndroidManifest.xml:24:11-47
	android:label
		ADDED from project/TestPlugin/AndroidManifest.xml:23:11-43
	android:configChanges
		ADDED from project/TestPlugin/AndroidManifest.xml:25:11-46
	android:name
		ADDED from project/TestPlugin/AndroidManifest.xml:22:11-37
intent-filter#android.intent.action.CREATE_SHORTCUT+android.intent.category.CUSTOM_TEST
ADDED from project/TestPlugin/AndroidManifest.xml:27:9-30:25
action#android.intent.action.CREATE_SHORTCUT
ADDED from project/TestPlugin/AndroidManifest.xml:28:11-73
	android:name
		ADDED from project/TestPlugin/AndroidManifest.xml:28:19-71
category#android.intent.category.CUSTOM_TEST
ADDED from project/TestPlugin/AndroidManifest.xml:29:11-74
	android:name
		ADDED from project/TestPlugin/AndroidManifest.xml:29:21-71
activity#com.example.TestPlugin.TransitActivityToService
ADDED from project/TestPlugin/AndroidManifest.xml:32:7-42:18
	android:screenOrientation
		ADDED from project/TestPlugin/AndroidManifest.xml:35:11-47
	android:label
		ADDED from project/TestPlugin/AndroidManifest.xml:34:11-43
	android:configChanges
		ADDED from project/TestPlugin/AndroidManifest.xml:36:11-46
	android:name
		ADDED from project/TestPlugin/AndroidManifest.xml:33:11-51
service#com.example.TestPlugin.MiServiceIntent
ADDED from project/TestPlugin/AndroidManifest.xml:45:7-49
	android:name
		ADDED from project/TestPlugin/AndroidManifest.xml:45:16-47
service#com.example.TestPlugin.MiService
ADDED from project/TestPlugin/AndroidManifest.xml:45:49-85
	android:name
		ADDED from project/TestPlugin/AndroidManifest.xml:45:58-83
service#com.example.TestPlugin.MiServiceForeground
ADDED from project/TestPlugin/AndroidManifest.xml:45:85-131
	android:name
		ADDED from project/TestPlugin/AndroidManifest.xml:45:94-129
service#com.example.TestPlugin.MiServiceIBinder
ADDED from project/TestPlugin/AndroidManifest.xml:45:131-173
	android:name
		ADDED from project/TestPlugin/AndroidManifest.xml:45:140-171
service#com.example.TestPlugin.MiServiceMessenger
ADDED from project/TestPlugin/AndroidManifest.xml:45:173-217
	android:name
		ADDED from project/TestPlugin/AndroidManifest.xml:45:182-215
uses-permission#android.permission.WAKE_LOCK
ADDED from [DroidPlugin.Libraries:DroidPlugin:unspecified] AndroidManifest.xml:34:5-68
	android:name
		ADDED from [DroidPlugin.Libraries:DroidPlugin:unspecified] AndroidManifest.xml:34:22-65
uses-permission#android.permission.VIBRATE
ADDED from [DroidPlugin.Libraries:DroidPlugin:unspecified] AndroidManifest.xml:35:5-66
	android:name
		ADDED from [DroidPlugin.Libraries:DroidPlugin:unspecified] AndroidManifest.xml:35:22-63
uses-permission#android.permission.READ_LOGS
ADDED from [DroidPlugin.Libraries:DroidPlugin:unspecified] AndroidManifest.xml:36:5-68
	android:name
		ADDED from [DroidPlugin.Libraries:DroidPlugin:unspecified] AndroidManifest.xml:36:22-65
uses-permission#android.permission.INTERNET
ADDED from [DroidPlugin.Libraries:DroidPlugin:unspecified] AndroidManifest.xml:37:5-67
	android:name
		ADDED from [DroidPlugin.Libraries:DroidPlugin:unspecified] AndroidManifest.xml:37:22-64
permission#com.firstrowria.pushnotificationtester.permission.C2D_MESSAGE
ADDED from [DroidPlugin.Libraries:DroidPlugin:unspecified] AndroidManifest.xml:39:5-41:47
	android:protectionLevel
		ADDED from [DroidPlugin.Libraries:DroidPlugin:unspecified] AndroidManifest.xml:41:9-44
	android:name
		ADDED from [DroidPlugin.Libraries:DroidPlugin:unspecified] AndroidManifest.xml:40:9-85
uses-permission#com.firstrowria.pushnotificationtester.permission.C2D_MESSAGE
ADDED from [DroidPlugin.Libraries:DroidPlugin:unspecified] AndroidManifest.xml:43:5-101
	android:name
		ADDED from [DroidPlugin.Libraries:DroidPlugin:unspecified] AndroidManifest.xml:43:22-98
uses-permission#com.google.android.c2dm.permission.RECEIVE
ADDED from [DroidPlugin.Libraries:DroidPlugin:unspecified] AndroidManifest.xml:44:5-82
	android:name
		ADDED from [DroidPlugin.Libraries:DroidPlugin:unspecified] AndroidManifest.xml:44:22-79
uses-permission#miui.permission.READ_STEPS
ADDED from [DroidPlugin.Libraries:DroidPlugin:unspecified] AndroidManifest.xml:46:5-66
	android:name
		ADDED from [DroidPlugin.Libraries:DroidPlugin:unspecified] AndroidManifest.xml:46:22-63
uses-permission#com.sina.weibo.permission.MIPUSH_RECEIVE
ADDED from [DroidPlugin.Libraries:DroidPlugin:unspecified] AndroidManifest.xml:47:5-80
	android:name
		ADDED from [DroidPlugin.Libraries:DroidPlugin:unspecified] AndroidManifest.xml:47:22-77
permission#com.sina.weibo.permission.MIPUSH_RECEIVE
ADDED from [DroidPlugin.Libraries:DroidPlugin:unspecified] AndroidManifest.xml:49:5-51:47
	android:protectionLevel
		ADDED from [DroidPlugin.Libraries:DroidPlugin:unspecified] AndroidManifest.xml:51:9-44
	android:name
		ADDED from [DroidPlugin.Libraries:DroidPlugin:unspecified] AndroidManifest.xml:50:9-64
uses-permission#com.sina.weibo.permission.NOUSER_BROADCAST
ADDED from [DroidPlugin.Libraries:DroidPlugin:unspecified] AndroidManifest.xml:53:5-82
	android:name
		ADDED from [DroidPlugin.Libraries:DroidPlugin:unspecified] AndroidManifest.xml:53:22-79
permission#com.sina.weibo.permission.NOUSER_BROADCAST
ADDED from [DroidPlugin.Libraries:DroidPlugin:unspecified] AndroidManifest.xml:55:5-57:44
	android:protectionLevel
		ADDED from [DroidPlugin.Libraries:DroidPlugin:unspecified] AndroidManifest.xml:57:9-41
	android:name
		ADDED from [DroidPlugin.Libraries:DroidPlugin:unspecified] AndroidManifest.xml:56:9-66
uses-permission#com.sina.permission.SINA_PUSH
ADDED from [DroidPlugin.Libraries:DroidPlugin:unspecified] AndroidManifest.xml:59:5-69
	android:name
		ADDED from [DroidPlugin.Libraries:DroidPlugin:unspecified] AndroidManifest.xml:59:22-66
uses-permission#com.sina.weibo.permission.WEIBO_SDK_PERMISSION
ADDED from [DroidPlugin.Libraries:DroidPlugin:unspecified] AndroidManifest.xml:60:5-86
	android:name
		ADDED from [DroidPlugin.Libraries:DroidPlugin:unspecified] AndroidManifest.xml:60:22-83
permission#com.sina.weibo.permission.WEIBO_SDK_PERMISSION
ADDED from [DroidPlugin.Libraries:DroidPlugin:unspecified] AndroidManifest.xml:62:5-64:44
	android:protectionLevel
		ADDED from [DroidPlugin.Libraries:DroidPlugin:unspecified] AndroidManifest.xml:64:9-41
	android:name
		ADDED from [DroidPlugin.Libraries:DroidPlugin:unspecified] AndroidManifest.xml:63:9-70
permission#com.sina.weibo.permission.PUSH_MSG_BROADCAST_PERMISSION
ADDED from [DroidPlugin.Libraries:DroidPlugin:unspecified] AndroidManifest.xml:65:5-67:47
	android:protectionLevel
		ADDED from [DroidPlugin.Libraries:DroidPlugin:unspecified] AndroidManifest.xml:67:9-44
	android:name
		ADDED from [DroidPlugin.Libraries:DroidPlugin:unspecified] AndroidManifest.xml:66:9-79
uses-permission#com.sina.weibo.permission.PUSH_MSG_BROADCAST_PERMISSION
ADDED from [DroidPlugin.Libraries:DroidPlugin:unspecified] AndroidManifest.xml:69:5-95
	android:name
		ADDED from [DroidPlugin.Libraries:DroidPlugin:unspecified] AndroidManifest.xml:69:22-92
permission#com.sina.permission.SINA_PUSH
ADDED from [DroidPlugin.Libraries:DroidPlugin:unspecified] AndroidManifest.xml:71:5-73:44
	android:protectionLevel
		ADDED from [DroidPlugin.Libraries:DroidPlugin:unspecified] AndroidManifest.xml:73:9-41
	android:name
		ADDED from [DroidPlugin.Libraries:DroidPlugin:unspecified] AndroidManifest.xml:72:9-53
uses-permission#com.htc.launcher.settings
ADDED from [DroidPlugin.Libraries:DroidPlugin:unspecified] AndroidManifest.xml:75:5-65
	android:name
		ADDED from [DroidPlugin.Libraries:DroidPlugin:unspecified] AndroidManifest.xml:75:22-62
uses-permission#com.htc.launcher.permission.READ_SETTINGS
ADDED from [DroidPlugin.Libraries:DroidPlugin:unspecified] AndroidManifest.xml:76:5-81
	android:name
		ADDED from [DroidPlugin.Libraries:DroidPlugin:unspecified] AndroidManifest.xml:76:22-78
uses-permission#com.htc.launcher.permission.WRITE_SETTINGS
ADDED from [DroidPlugin.Libraries:DroidPlugin:unspecified] AndroidManifest.xml:77:5-82
	android:name
		ADDED from [DroidPlugin.Libraries:DroidPlugin:unspecified] AndroidManifest.xml:77:22-79
uses-permission#com.huawei.android.launcher.permission.CHANGE_BADGE
ADDED from [DroidPlugin.Libraries:DroidPlugin:unspecified] AndroidManifest.xml:78:5-91
	android:name
		ADDED from [DroidPlugin.Libraries:DroidPlugin:unspecified] AndroidManifest.xml:78:22-88
uses-permission#com.huawei.launcher3.permission.READ_SETTINGS
ADDED from [DroidPlugin.Libraries:DroidPlugin:unspecified] AndroidManifest.xml:79:5-85
	android:name
		ADDED from [DroidPlugin.Libraries:DroidPlugin:unspecified] AndroidManifest.xml:79:22-82
uses-permission#com.huawei.android.launcher.permission.READ_SETTINGS
ADDED from [DroidPlugin.Libraries:DroidPlugin:unspecified] AndroidManifest.xml:80:5-92
	android:name
		ADDED from [DroidPlugin.Libraries:DroidPlugin:unspecified] AndroidManifest.xml:80:22-89
uses-permission#com.huawei.android.launcher.permission.WRITE_SETTINGS
ADDED from [DroidPlugin.Libraries:DroidPlugin:unspecified] AndroidManifest.xml:81:5-93
	android:name
		ADDED from [DroidPlugin.Libraries:DroidPlugin:unspecified] AndroidManifest.xml:81:22-90
uses-permission#com.android.launcher3.permission.READ_SETTINGS
ADDED from [DroidPlugin.Libraries:DroidPlugin:unspecified] AndroidManifest.xml:82:5-86
	android:name
		ADDED from [DroidPlugin.Libraries:DroidPlugin:unspecified] AndroidManifest.xml:82:22-83
uses-permission#com.lenovo.launcher.permission.READ_SETTINGS
ADDED from [DroidPlugin.Libraries:DroidPlugin:unspecified] AndroidManifest.xml:83:5-84
	android:name
		ADDED from [DroidPlugin.Libraries:DroidPlugin:unspecified] AndroidManifest.xml:83:22-81
uses-permission#com.oppo.launcher.permission.READ_SETTINGS
ADDED from [DroidPlugin.Libraries:DroidPlugin:unspecified] AndroidManifest.xml:84:5-82
	android:name
		ADDED from [DroidPlugin.Libraries:DroidPlugin:unspecified] AndroidManifest.xml:84:22-79
uses-permission#com.bbk.launcher2.permission.READ_SETTINGS
ADDED from [DroidPlugin.Libraries:DroidPlugin:unspecified] AndroidManifest.xml:85:5-82
	android:name
		ADDED from [DroidPlugin.Libraries:DroidPlugin:unspecified] AndroidManifest.xml:85:22-79
uses-permission#com.huaqin.launcherEx.permission.READ_SETTINGS
ADDED from [DroidPlugin.Libraries:DroidPlugin:unspecified] AndroidManifest.xml:86:5-86
	android:name
		ADDED from [DroidPlugin.Libraries:DroidPlugin:unspecified] AndroidManifest.xml:86:22-83
permission#com.sina.weibo.data.sp.dbsharedpreference
ADDED from [DroidPlugin.Libraries:DroidPlugin:unspecified] AndroidManifest.xml:88:5-90:47
	android:protectionLevel
		ADDED from [DroidPlugin.Libraries:DroidPlugin:unspecified] AndroidManifest.xml:90:9-44
	android:name
		ADDED from [DroidPlugin.Libraries:DroidPlugin:unspecified] AndroidManifest.xml:89:9-65
uses-permission#com.sina.weibo.data.sp.dbsharedpreference
ADDED from [DroidPlugin.Libraries:DroidPlugin:unspecified] AndroidManifest.xml:92:5-81
	android:name
		ADDED from [DroidPlugin.Libraries:DroidPlugin:unspecified] AndroidManifest.xml:92:22-78
uses-permission#android.permission.ACCESS_COARSE_LOCATION
ADDED from [DroidPlugin.Libraries:DroidPlugin:unspecified] AndroidManifest.xml:93:5-81
	android:name
		ADDED from [DroidPlugin.Libraries:DroidPlugin:unspecified] AndroidManifest.xml:93:22-78
uses-permission#android.permission.ACCESS_FINE_LOCATION
ADDED from [DroidPlugin.Libraries:DroidPlugin:unspecified] AndroidManifest.xml:94:5-79
	android:name
		ADDED from [DroidPlugin.Libraries:DroidPlugin:unspecified] AndroidManifest.xml:94:22-76
uses-permission#android.permission.ACCESS_LOCATION_EXTRA_COMMANDS
ADDED from [DroidPlugin.Libraries:DroidPlugin:unspecified] AndroidManifest.xml:95:5-89
	android:name
		ADDED from [DroidPlugin.Libraries:DroidPlugin:unspecified] AndroidManifest.xml:95:22-86
uses-permission#android.permission.ACCESS_MOCK_LOCATION
ADDED from [DroidPlugin.Libraries:DroidPlugin:unspecified] AndroidManifest.xml:96:5-79
	android:name
		ADDED from [DroidPlugin.Libraries:DroidPlugin:unspecified] AndroidManifest.xml:96:22-76
uses-permission#android.permission.ACCESS_NETWORK_STATE
ADDED from [DroidPlugin.Libraries:DroidPlugin:unspecified] AndroidManifest.xml:97:5-79
	android:name
		ADDED from [DroidPlugin.Libraries:DroidPlugin:unspecified] AndroidManifest.xml:97:22-76
uses-permission#android.permission.ACCESS_WIFI_STATE
ADDED from [DroidPlugin.Libraries:DroidPlugin:unspecified] AndroidManifest.xml:98:5-76
	android:name
		ADDED from [DroidPlugin.Libraries:DroidPlugin:unspecified] AndroidManifest.xml:98:22-73
uses-permission#android.permission.ACCESS_WIMAX_STATE
ADDED from [DroidPlugin.Libraries:DroidPlugin:unspecified] AndroidManifest.xml:99:5-77
	android:name
		ADDED from [DroidPlugin.Libraries:DroidPlugin:unspecified] AndroidManifest.xml:99:22-74
uses-permission#android.permission.AUTHENTICATE_ACCOUNTS
ADDED from [DroidPlugin.Libraries:DroidPlugin:unspecified] AndroidManifest.xml:100:5-80
	android:name
		ADDED from [DroidPlugin.Libraries:DroidPlugin:unspecified] AndroidManifest.xml:100:22-77
uses-permission#android.permission.BLUETOOTH
ADDED from [DroidPlugin.Libraries:DroidPlugin:unspecified] AndroidManifest.xml:101:5-68
	android:name
		ADDED from [DroidPlugin.Libraries:DroidPlugin:unspecified] AndroidManifest.xml:101:22-65
uses-permission#android.permission.BLUETOOTH_ADMIN
ADDED from [DroidPlugin.Libraries:DroidPlugin:unspecified] AndroidManifest.xml:102:5-74
	android:name
		ADDED from [DroidPlugin.Libraries:DroidPlugin:unspecified] AndroidManifest.xml:102:22-71
uses-permission#android.permission.BODY_SENSORS
ADDED from [DroidPlugin.Libraries:DroidPlugin:unspecified] AndroidManifest.xml:103:5-71
	android:name
		ADDED from [DroidPlugin.Libraries:DroidPlugin:unspecified] AndroidManifest.xml:103:22-68
uses-permission#android.permission.BROADCAST_STICKY
ADDED from [DroidPlugin.Libraries:DroidPlugin:unspecified] AndroidManifest.xml:104:5-75
	android:name
		ADDED from [DroidPlugin.Libraries:DroidPlugin:unspecified] AndroidManifest.xml:104:22-72
uses-permission#android.permission.CALL_PHONE
ADDED from [DroidPlugin.Libraries:DroidPlugin:unspecified] AndroidManifest.xml:105:5-69
	android:name
		ADDED from [DroidPlugin.Libraries:DroidPlugin:unspecified] AndroidManifest.xml:105:22-66
uses-permission#android.permission.CAMERA
ADDED from [DroidPlugin.Libraries:DroidPlugin:unspecified] AndroidManifest.xml:106:5-65
	android:name
		ADDED from [DroidPlugin.Libraries:DroidPlugin:unspecified] AndroidManifest.xml:106:22-62
uses-permission#android.permission.CHANGE_NETWORK_STATE
ADDED from [DroidPlugin.Libraries:DroidPlugin:unspecified] AndroidManifest.xml:107:5-79
	android:name
		ADDED from [DroidPlugin.Libraries:DroidPlugin:unspecified] AndroidManifest.xml:107:22-76
uses-permission#android.permission.CHANGE_WIFI_MULTICAST_STATE
ADDED from [DroidPlugin.Libraries:DroidPlugin:unspecified] AndroidManifest.xml:108:5-86
	android:name
		ADDED from [DroidPlugin.Libraries:DroidPlugin:unspecified] AndroidManifest.xml:108:22-83
uses-permission#android.permission.CHANGE_WIFI_STATE
ADDED from [DroidPlugin.Libraries:DroidPlugin:unspecified] AndroidManifest.xml:109:5-76
	android:name
		ADDED from [DroidPlugin.Libraries:DroidPlugin:unspecified] AndroidManifest.xml:109:22-73
uses-permission#android.permission.CHANGE_WIMAX_STATE
ADDED from [DroidPlugin.Libraries:DroidPlugin:unspecified] AndroidManifest.xml:110:5-77
	android:name
		ADDED from [DroidPlugin.Libraries:DroidPlugin:unspecified] AndroidManifest.xml:110:22-74
uses-permission#android.permission.CLEAR_APP_CACHE
ADDED from [DroidPlugin.Libraries:DroidPlugin:unspecified] AndroidManifest.xml:111:5-74
	android:name
		ADDED from [DroidPlugin.Libraries:DroidPlugin:unspecified] AndroidManifest.xml:111:22-71
uses-permission#android.permission.DISABLE_KEYGUARD
ADDED from [DroidPlugin.Libraries:DroidPlugin:unspecified] AndroidManifest.xml:112:5-75
	android:name
		ADDED from [DroidPlugin.Libraries:DroidPlugin:unspecified] AndroidManifest.xml:112:22-72
uses-permission#android.permission.DOWNLOAD_WITHOUT_NOTIFICATION
ADDED from [DroidPlugin.Libraries:DroidPlugin:unspecified] AndroidManifest.xml:113:5-88
	android:name
		ADDED from [DroidPlugin.Libraries:DroidPlugin:unspecified] AndroidManifest.xml:113:22-85
uses-permission#android.permission.EXPAND_STATUS_BAR
ADDED from [DroidPlugin.Libraries:DroidPlugin:unspecified] AndroidManifest.xml:114:5-76
	android:name
		ADDED from [DroidPlugin.Libraries:DroidPlugin:unspecified] AndroidManifest.xml:114:22-73
uses-permission#android.permission.FLASHLIGHT
ADDED from [DroidPlugin.Libraries:DroidPlugin:unspecified] AndroidManifest.xml:115:5-69
	android:name
		ADDED from [DroidPlugin.Libraries:DroidPlugin:unspecified] AndroidManifest.xml:115:22-66
uses-permission#android.permission.GET_ACCOUNTS
ADDED from [DroidPlugin.Libraries:DroidPlugin:unspecified] AndroidManifest.xml:116:5-71
	android:name
		ADDED from [DroidPlugin.Libraries:DroidPlugin:unspecified] AndroidManifest.xml:116:22-68
uses-permission#android.permission.GET_PACKAGE_SIZE
ADDED from [DroidPlugin.Libraries:DroidPlugin:unspecified] AndroidManifest.xml:117:5-75
	android:name
		ADDED from [DroidPlugin.Libraries:DroidPlugin:unspecified] AndroidManifest.xml:117:22-72
uses-permission#android.permission.GET_TASKS
ADDED from [DroidPlugin.Libraries:DroidPlugin:unspecified] AndroidManifest.xml:118:5-68
	android:name
		ADDED from [DroidPlugin.Libraries:DroidPlugin:unspecified] AndroidManifest.xml:118:22-65
uses-permission#android.permission.KILL_BACKGROUND_PROCESSES
ADDED from [DroidPlugin.Libraries:DroidPlugin:unspecified] AndroidManifest.xml:120:5-84
	android:name
		ADDED from [DroidPlugin.Libraries:DroidPlugin:unspecified] AndroidManifest.xml:120:22-81
uses-permission#android.permission.MANAGE_ACCOUNTS
ADDED from [DroidPlugin.Libraries:DroidPlugin:unspecified] AndroidManifest.xml:121:5-74
	android:name
		ADDED from [DroidPlugin.Libraries:DroidPlugin:unspecified] AndroidManifest.xml:121:22-71
uses-permission#android.permission.MODIFY_AUDIO_SETTINGS
ADDED from [DroidPlugin.Libraries:DroidPlugin:unspecified] AndroidManifest.xml:122:5-80
	android:name
		ADDED from [DroidPlugin.Libraries:DroidPlugin:unspecified] AndroidManifest.xml:122:22-77
uses-permission#android.permission.NFC
ADDED from [DroidPlugin.Libraries:DroidPlugin:unspecified] AndroidManifest.xml:123:5-62
	android:name
		ADDED from [DroidPlugin.Libraries:DroidPlugin:unspecified] AndroidManifest.xml:123:22-59
uses-permission#android.permission.PERSISTENT_ACTIVITY
ADDED from [DroidPlugin.Libraries:DroidPlugin:unspecified] AndroidManifest.xml:124:5-78
	android:name
		ADDED from [DroidPlugin.Libraries:DroidPlugin:unspecified] AndroidManifest.xml:124:22-75
uses-permission#android.permission.PROCESS_OUTGOING_CALLS
ADDED from [DroidPlugin.Libraries:DroidPlugin:unspecified] AndroidManifest.xml:125:5-81
	android:name
		ADDED from [DroidPlugin.Libraries:DroidPlugin:unspecified] AndroidManifest.xml:125:22-78
uses-permission#android.permission.READ_CALENDAR
ADDED from [DroidPlugin.Libraries:DroidPlugin:unspecified] AndroidManifest.xml:126:5-72
	android:name
		ADDED from [DroidPlugin.Libraries:DroidPlugin:unspecified] AndroidManifest.xml:126:22-69
uses-permission#android.permission.READ_CALL_LOG
ADDED from [DroidPlugin.Libraries:DroidPlugin:unspecified] AndroidManifest.xml:127:5-72
	android:name
		ADDED from [DroidPlugin.Libraries:DroidPlugin:unspecified] AndroidManifest.xml:127:22-69
uses-permission#android.permission.READ_CELL_BROADCASTS
ADDED from [DroidPlugin.Libraries:DroidPlugin:unspecified] AndroidManifest.xml:128:5-79
	android:name
		ADDED from [DroidPlugin.Libraries:DroidPlugin:unspecified] AndroidManifest.xml:128:22-76
uses-permission#android.permission.READ_CONTACTS
ADDED from [DroidPlugin.Libraries:DroidPlugin:unspecified] AndroidManifest.xml:129:5-72
	android:name
		ADDED from [DroidPlugin.Libraries:DroidPlugin:unspecified] AndroidManifest.xml:129:22-69
uses-permission#android.permission.READ_EXTERNAL_STORAGE
ADDED from [DroidPlugin.Libraries:DroidPlugin:unspecified] AndroidManifest.xml:130:5-80
	android:name
		ADDED from [DroidPlugin.Libraries:DroidPlugin:unspecified] AndroidManifest.xml:130:22-77
uses-permission#android.permission.READ_INSTALL_SESSIONS
ADDED from [DroidPlugin.Libraries:DroidPlugin:unspecified] AndroidManifest.xml:131:5-80
	android:name
		ADDED from [DroidPlugin.Libraries:DroidPlugin:unspecified] AndroidManifest.xml:131:22-77
uses-permission#android.permission.READ_PHONE_STATE
ADDED from [DroidPlugin.Libraries:DroidPlugin:unspecified] AndroidManifest.xml:132:5-75
	android:name
		ADDED from [DroidPlugin.Libraries:DroidPlugin:unspecified] AndroidManifest.xml:132:22-72
uses-permission#android.permission.READ_PROFILE
ADDED from [DroidPlugin.Libraries:DroidPlugin:unspecified] AndroidManifest.xml:133:5-71
	android:name
		ADDED from [DroidPlugin.Libraries:DroidPlugin:unspecified] AndroidManifest.xml:133:22-68
uses-permission#android.permission.READ_SMS
ADDED from [DroidPlugin.Libraries:DroidPlugin:unspecified] AndroidManifest.xml:134:5-67
	android:name
		ADDED from [DroidPlugin.Libraries:DroidPlugin:unspecified] AndroidManifest.xml:134:22-64
uses-permission#android.permission.READ_SOCIAL_STREAM
ADDED from [DroidPlugin.Libraries:DroidPlugin:unspecified] AndroidManifest.xml:135:5-77
	android:name
		ADDED from [DroidPlugin.Libraries:DroidPlugin:unspecified] AndroidManifest.xml:135:22-74
uses-permission#android.permission.READ_SYNC_SETTINGS
ADDED from [DroidPlugin.Libraries:DroidPlugin:unspecified] AndroidManifest.xml:136:5-77
	android:name
		ADDED from [DroidPlugin.Libraries:DroidPlugin:unspecified] AndroidManifest.xml:136:22-74
uses-permission#android.permission.READ_SYNC_STATS
ADDED from [DroidPlugin.Libraries:DroidPlugin:unspecified] AndroidManifest.xml:137:5-74
	android:name
		ADDED from [DroidPlugin.Libraries:DroidPlugin:unspecified] AndroidManifest.xml:137:22-71
uses-permission#android.permission.READ_USER_DICTIONARY
ADDED from [DroidPlugin.Libraries:DroidPlugin:unspecified] AndroidManifest.xml:138:5-79
	android:name
		ADDED from [DroidPlugin.Libraries:DroidPlugin:unspecified] AndroidManifest.xml:138:22-76
uses-permission#android.permission.RECEIVE_BOOT_COMPLETED
ADDED from [DroidPlugin.Libraries:DroidPlugin:unspecified] AndroidManifest.xml:139:5-81
	android:name
		ADDED from [DroidPlugin.Libraries:DroidPlugin:unspecified] AndroidManifest.xml:139:22-78
uses-permission#android.permission.RECEIVE_MMS
ADDED from [DroidPlugin.Libraries:DroidPlugin:unspecified] AndroidManifest.xml:140:5-70
	android:name
		ADDED from [DroidPlugin.Libraries:DroidPlugin:unspecified] AndroidManifest.xml:140:22-67
uses-permission#android.permission.RECEIVE_SMS
ADDED from [DroidPlugin.Libraries:DroidPlugin:unspecified] AndroidManifest.xml:141:5-70
	android:name
		ADDED from [DroidPlugin.Libraries:DroidPlugin:unspecified] AndroidManifest.xml:141:22-67
uses-permission#android.permission.RECEIVE_WAP_PUSH
ADDED from [DroidPlugin.Libraries:DroidPlugin:unspecified] AndroidManifest.xml:142:5-75
	android:name
		ADDED from [DroidPlugin.Libraries:DroidPlugin:unspecified] AndroidManifest.xml:142:22-72
uses-permission#android.permission.RECORD_AUDIO
ADDED from [DroidPlugin.Libraries:DroidPlugin:unspecified] AndroidManifest.xml:143:5-71
	android:name
		ADDED from [DroidPlugin.Libraries:DroidPlugin:unspecified] AndroidManifest.xml:143:22-68
uses-permission#android.permission.REORDER_TASKS
ADDED from [DroidPlugin.Libraries:DroidPlugin:unspecified] AndroidManifest.xml:144:5-72
	android:name
		ADDED from [DroidPlugin.Libraries:DroidPlugin:unspecified] AndroidManifest.xml:144:22-69
uses-permission#android.permission.RESTART_PACKAGES
ADDED from [DroidPlugin.Libraries:DroidPlugin:unspecified] AndroidManifest.xml:145:5-75
	android:name
		ADDED from [DroidPlugin.Libraries:DroidPlugin:unspecified] AndroidManifest.xml:145:22-72
uses-permission#android.permission.SEND_SMS
ADDED from [DroidPlugin.Libraries:DroidPlugin:unspecified] AndroidManifest.xml:146:5-67
	android:name
		ADDED from [DroidPlugin.Libraries:DroidPlugin:unspecified] AndroidManifest.xml:146:22-64
uses-permission#android.permission.SET_TIME_ZONE
ADDED from [DroidPlugin.Libraries:DroidPlugin:unspecified] AndroidManifest.xml:147:5-72
	android:name
		ADDED from [DroidPlugin.Libraries:DroidPlugin:unspecified] AndroidManifest.xml:147:22-69
uses-permission#android.permission.SET_WALLPAPER
ADDED from [DroidPlugin.Libraries:DroidPlugin:unspecified] AndroidManifest.xml:148:5-72
	android:name
		ADDED from [DroidPlugin.Libraries:DroidPlugin:unspecified] AndroidManifest.xml:148:22-69
uses-permission#android.permission.SET_WALLPAPER_HINTS
ADDED from [DroidPlugin.Libraries:DroidPlugin:unspecified] AndroidManifest.xml:149:5-78
	android:name
		ADDED from [DroidPlugin.Libraries:DroidPlugin:unspecified] AndroidManifest.xml:149:22-75
uses-permission#android.permission.SUBSCRIBED_FEEDS_READ
ADDED from [DroidPlugin.Libraries:DroidPlugin:unspecified] AndroidManifest.xml:150:5-80
	android:name
		ADDED from [DroidPlugin.Libraries:DroidPlugin:unspecified] AndroidManifest.xml:150:22-77
uses-permission#android.permission.SUBSCRIBED_FEEDS_WRITE
ADDED from [DroidPlugin.Libraries:DroidPlugin:unspecified] AndroidManifest.xml:151:5-81
	android:name
		ADDED from [DroidPlugin.Libraries:DroidPlugin:unspecified] AndroidManifest.xml:151:22-78
uses-permission#android.permission.SYSTEM_ALERT_WINDOW
ADDED from [DroidPlugin.Libraries:DroidPlugin:unspecified] AndroidManifest.xml:152:5-78
	android:name
		ADDED from [DroidPlugin.Libraries:DroidPlugin:unspecified] AndroidManifest.xml:152:22-75
uses-permission#android.permission.TRANSMIT_IR
ADDED from [DroidPlugin.Libraries:DroidPlugin:unspecified] AndroidManifest.xml:153:5-70
	android:name
		ADDED from [DroidPlugin.Libraries:DroidPlugin:unspecified] AndroidManifest.xml:153:22-67
uses-permission#android.permission.USE_CREDENTIALS
ADDED from [DroidPlugin.Libraries:DroidPlugin:unspecified] AndroidManifest.xml:154:5-74
	android:name
		ADDED from [DroidPlugin.Libraries:DroidPlugin:unspecified] AndroidManifest.xml:154:22-71
uses-permission#android.permission.USE_SIP
ADDED from [DroidPlugin.Libraries:DroidPlugin:unspecified] AndroidManifest.xml:155:5-66
	android:name
		ADDED from [DroidPlugin.Libraries:DroidPlugin:unspecified] AndroidManifest.xml:155:22-63
uses-permission#android.permission.WRITE_CALENDAR
ADDED from [DroidPlugin.Libraries:DroidPlugin:unspecified] AndroidManifest.xml:158:5-73
	android:name
		ADDED from [DroidPlugin.Libraries:DroidPlugin:unspecified] AndroidManifest.xml:158:22-70
uses-permission#android.permission.WRITE_CALL_LOG
ADDED from [DroidPlugin.Libraries:DroidPlugin:unspecified] AndroidManifest.xml:159:5-73
	android:name